<?xml version="1.0" encoding="UTF-8"?>
<!-- Generated by org.testng.reporters.JUnitReportReporter -->
<testsuite skipped="0" hostname="DESKTOP-P4MT87I" name="scripts.LoginLogoutFlowScripts" tests="1" failures="0" timestamp="02 Jul 2022 04:11:57 GMT" time="23.048" errors="0">
  <testcase name="a_Pageload" time="23.048" classname="scripts.LoginLogoutFlowScripts"/>
</testsuite> <!-- scripts.LoginLogoutFlowScripts -->
