<?xml version="1.0" encoding="UTF-8"?>
<!-- Generated by org.testng.reporters.JUnitReportReporter -->
<testsuite name="TestNG.NavigationCommands" tests="2" time="55.230" ignored="0" failures="0" timestamp="30 Mar 2022 05:00:04 GMT" skipped="0" hostname="DESKTOP-P4MT87I" errors="0">
  <testcase name="a_pageLoad" time="36.612" classname="TestNG.NavigationCommands"/>
  <testcase name="b_navigate" time="18.618" classname="TestNG.NavigationCommands"/>
</testsuite> <!-- TestNG.NavigationCommands -->
