<?xml version="1.0" encoding="UTF-8"?>
<!-- Generated by org.testng.reporters.JUnitReportReporter -->
<testsuite name="TestNG.CSSselector" tests="2" time="23.173" ignored="0" failures="0" timestamp="30 Mar 2022 05:17:05 GMT" skipped="0" hostname="DESKTOP-P4MT87I" errors="0">
  <testcase name="a_pageLoad" time="22.212" classname="TestNG.CSSselector"/>
  <testcase name="b_CSScelector" time="0.961" classname="TestNG.CSSselector"/>
</testsuite> <!-- TestNG.CSSselector -->
