<?xml version="1.0" encoding="UTF-8"?>
<!-- Generated by org.testng.reporters.JUnitReportReporter -->
<testsuite name="TestNG.Grouping" tests="4" time="0.033" ignored="0" failures="0" timestamp="30 Mar 2022 04:40:09 GMT" skipped="0" hostname="DESKTOP-P4MT87I" errors="0">
  <testcase name="F4" time="0.002" classname="TestNG.Grouping"/>
  <testcase name="F3" time="0.002" classname="TestNG.Grouping"/>
  <testcase name="F2" time="0.003" classname="TestNG.Grouping"/>
  <testcase name="F1" time="0.026" classname="TestNG.Grouping"/>
</testsuite> <!-- TestNG.Grouping -->
