<?xml version="1.0" encoding="UTF-8"?>
<!-- Generated by org.testng.reporters.JUnitReportReporter -->
<testsuite name="TestNG.MercuryTours" tests="2" time="30.423" ignored="0" failures="0" timestamp="29 Mar 2022 10:49:46 GMT" skipped="0" hostname="DESKTOP-P4MT87I" errors="0">
  <testcase name="a_PageLoad" time="17.731" classname="TestNG.MercuryTours"/>
  <testcase name="b_UserInfo" time="12.692" classname="TestNG.MercuryTours"/>
</testsuite> <!-- TestNG.MercuryTours -->
