<?xml version="1.0" encoding="UTF-8"?>
<!-- Generated by org.testng.reporters.JUnitReportReporter -->
<testsuite name="TestNG.PetStore" tests="4" time="19.442" ignored="0" failures="0" timestamp="30 Mar 2022 03:53:16 GMT" skipped="0" hostname="DESKTOP-P4MT87I" errors="0">
  <testcase name="AccountInfo" time="1.179" classname="TestNG.PetStore"/>
  <testcase name="ProfileInfo" time="2.472" classname="TestNG.PetStore"/>
  <testcase name="UserInfo" time="0.665" classname="TestNG.PetStore"/>
  <testcase name="pageLoad" time="15.126" classname="TestNG.PetStore"/>
</testsuite> <!-- TestNG.PetStore -->
