<?xml version="1.0" encoding="UTF-8"?>
<!-- Generated by org.testng.reporters.JUnitReportReporter -->
<testsuite name="TestNG.DisablingTestCases" tests="3" time="0.041" ignored="1" failures="0" timestamp="30 Mar 2022 02:08:02 GMT" skipped="0" hostname="DESKTOP-P4MT87I" errors="0">
  <testcase name="F1" time="0.030" classname="TestNG.DisablingTestCases"/>
  <testcase name="F2" time="0.006" classname="TestNG.DisablingTestCases"/>
  <testcase name="F4" time="0.005" classname="TestNG.DisablingTestCases"/>
  <testcase name="F3" classname="TestNG.DisablingTestCases">
    <skipped/>
  </testcase> <!-- F3 -->
</testsuite> <!-- TestNG.DisablingTestCases -->
