<?xml version="1.0" encoding="UTF-8"?>
<!-- Generated by org.testng.reporters.JUnitReportReporter -->
<testsuite name="TestNG.LinkTextDemo" tests="2" time="36.226" ignored="0" failures="0" timestamp="30 Mar 2022 05:43:20 GMT" skipped="0" hostname="DESKTOP-P4MT87I" errors="0">
  <testcase name="a_pageLoad" time="34.151" classname="TestNG.LinkTextDemo"/>
  <testcase name="b_demo" time="2.075" classname="TestNG.LinkTextDemo"/>
</testsuite> <!-- TestNG.LinkTextDemo -->
