<?xml version="1.0" encoding="UTF-8"?>
<!-- Generated by org.testng.reporters.JUnitReportReporter -->
<testsuite name="TestNG.MethodDependancies" tests="5" time="0.048" ignored="0" failures="0" timestamp="30 Mar 2022 02:22:38 GMT" skipped="0" hostname="DESKTOP-P4MT87I" errors="0">
  <testcase name="F2" time="0.003" classname="TestNG.MethodDependancies"/>
  <testcase name="F3" time="0.029" classname="TestNG.MethodDependancies"/>
  <testcase name="F1" time="0.005" classname="TestNG.MethodDependancies"/>
  <testcase name="F5" time="0.008" classname="TestNG.MethodDependancies"/>
  <testcase name="F4" time="0.003" classname="TestNG.MethodDependancies"/>
</testsuite> <!-- TestNG.MethodDependancies -->
