<?xml version="1.0" encoding="UTF-8"?>
<!-- Generated by org.testng.reporters.JUnitReportReporter -->
<testsuite name="TestNG.AssignmentPetstoreAlphabatical" tests="4" time="30.258" ignored="0" failures="0" timestamp="30 Mar 2022 02:56:02 GMT" skipped="0" hostname="DESKTOP-P4MT87I" errors="0">
  <testcase name="b_userInfo" time="1.754" classname="TestNG.AssignmentPetstoreAlphabatical"/>
  <testcase name="d_prifileInfo" time="1.759" classname="TestNG.AssignmentPetstoreAlphabatical"/>
  <testcase name="a_pageLoad" time="25.178" classname="TestNG.AssignmentPetstoreAlphabatical"/>
  <testcase name="c_accountInfo" time="1.567" classname="TestNG.AssignmentPetstoreAlphabatical"/>
</testsuite> <!-- TestNG.AssignmentPetstoreAlphabatical -->
