<?xml version="1.0" encoding="UTF-8"?>
<!-- Generated by org.testng.reporters.JUnitReportReporter -->
<testsuite skipped="0" hostname="DESKTOP-P4MT87I" name="scripts.LoginLogoutFlow" tests="1" failures="0" timestamp="07 Jul 2022 12:44:32 GMT" time="37.362" errors="0">
  <testcase name="a_PageLoad" time="37.362" classname="scripts.LoginLogoutFlow"/>
</testsuite> <!-- scripts.LoginLogoutFlow -->
